<?xml version="1.0" encoding="UTF-8"?>
<!-- Generated by org.testng.reporters.JUnitReportReporter -->
<testsuite hostname="DESKTOP-OUBE3OH" failures="0" tests="1" name="org.testing.TestScripts.Final_TC3" time="49.034" errors="0" timestamp="6 Jan 2024 06:55:07 GMT">
  <testcase classname="org.testing.TestScripts.Final_TC3" name="Click_Subscription" time="49.034"/>
</testsuite> <!-- org.testing.TestScripts.Final_TC3 -->
